[debug] [2019-09-20T15:42:19.148Z] ----------------------------------------------------------------------
[debug] [2019-09-20T15:42:19.150Z] Command:       /usr/bin/node /usr/bin/firebase serve
[debug] [2019-09-20T15:42:19.150Z] CLI Version:   7.3.2
[debug] [2019-09-20T15:42:19.150Z] Platform:      linux
[debug] [2019-09-20T15:42:19.150Z] Node Version:  v10.16.2
[debug] [2019-09-20T15:42:19.150Z] Time:          Fri Sep 20 2019 12:42:19 GMT-0300 (GMT-03:00)
[debug] [2019-09-20T15:42:19.150Z] ----------------------------------------------------------------------
[debug] 
[debug] [2019-09-20T15:42:19.156Z] > command requires scopes: ["email","openid","https://www.googleapis.com/auth/cloudplatformprojects.readonly","https://www.googleapis.com/auth/firebase","https://www.googleapis.com/auth/cloud-platform"]
[debug] [2019-09-20T15:42:19.156Z] > authorizing via signed-in user
[debug] [2019-09-20T15:42:19.156Z] [iam] checking project rajus-c8a95 for permissions ["firebase.projects.get"]
[debug] [2019-09-20T15:42:19.157Z] >>> HTTP REQUEST POST https://cloudresourcemanager.googleapis.com/v1/projects/rajus-c8a95:testIamPermissions  

[debug] [2019-09-20T15:42:20.401Z] <<< HTTP RESPONSE 200
[debug] [2019-09-20T15:42:20.404Z] >>> HTTP REQUEST GET https://firebase.googleapis.com/v1beta1/projects/rajus-c8a95  
 
[debug] [2019-09-20T15:42:21.893Z] <<< HTTP RESPONSE 200
[info] 
[info] === Serving from '/home/daniel/workspaces/carlosrosset.github.io'...
[info] 
[debug] [2019-09-20T15:42:21.901Z] >>> HTTP REQUEST GET https://firebase.googleapis.com/v1beta1/projects/rajus-c8a95/webApps/-/config  
 
[debug] [2019-09-20T15:42:23.334Z] <<< HTTP RESPONSE 200
[info] i  hosting: Serving hosting files from: public
[info] ✔  hosting: Local server: http://localhost:5000
[debug] [2019-09-20T23:17:21.691Z] ----------------------------------------------------------------------
[debug] [2019-09-20T23:17:21.693Z] Command:       /usr/bin/node /usr/bin/firebase serve
[debug] [2019-09-20T23:17:21.693Z] CLI Version:   7.3.2
[debug] [2019-09-20T23:17:21.694Z] Platform:      linux
[debug] [2019-09-20T23:17:21.694Z] Node Version:  v10.16.2
[debug] [2019-09-20T23:17:21.694Z] Time:          Fri Sep 20 2019 20:17:21 GMT-0300 (GMT-03:00)
[debug] [2019-09-20T23:17:21.694Z] ----------------------------------------------------------------------
[debug] 
[debug] [2019-09-20T23:17:21.700Z] > command requires scopes: ["email","openid","https://www.googleapis.com/auth/cloudplatformprojects.readonly","https://www.googleapis.com/auth/firebase","https://www.googleapis.com/auth/cloud-platform"]
[debug] [2019-09-20T23:17:21.700Z] > authorizing via signed-in user
[debug] [2019-09-20T23:17:21.700Z] [iam] checking project rajus-c8a95 for permissions ["firebase.projects.get"]
[debug] [2019-09-20T23:17:21.702Z] > refreshing access token with scopes: ["email","https://www.googleapis.com/auth/cloud-platform","https://www.googleapis.com/auth/cloudplatformprojects.readonly","https://www.googleapis.com/auth/firebase","openid"]
[debug] [2019-09-20T23:17:21.702Z] >>> HTTP REQUEST POST https://www.googleapis.com/oauth2/v3/token  
 <request body omitted>
[debug] [2019-09-20T23:17:22.159Z] <<< HTTP RESPONSE 200
[debug] [2019-09-20T23:17:22.171Z] >>> HTTP REQUEST POST https://cloudresourcemanager.googleapis.com/v1/projects/rajus-c8a95:testIamPermissions  

[debug] [2019-09-20T23:17:23.508Z] <<< HTTP RESPONSE 200
[debug] [2019-09-20T23:17:23.510Z] >>> HTTP REQUEST GET https://firebase.googleapis.com/v1beta1/projects/rajus-c8a95  
 
[debug] [2019-09-20T23:17:25.077Z] <<< HTTP RESPONSE 200
[info] 
[info] === Serving from '/home/daniel/workspaces/carlosrosset.github.io'...
[info] 
[debug] [2019-09-20T23:17:25.082Z] >>> HTTP REQUEST GET https://firebase.googleapis.com/v1beta1/projects/rajus-c8a95/webApps/-/config  
 
[debug] [2019-09-20T23:17:26.600Z] <<< HTTP RESPONSE 200
[info] i  hosting: Serving hosting files from: public
[info] ✔  hosting: Local server: http://localhost:5000
